Copyright 1986-2018 Xilinx, Inc. All Rights Reserved.
------------------------------------------------------------------------------------
| Tool Version : Vivado v.2018.3 (win64) Build 2405991 Thu Dec  6 23:38:27 MST 2018
| Date         : Sun Aug 22 13:20:12 2021
| Host         : DESKTOP-DF95ARD running 64-bit major release  (build 9200)
| Command      : upgrade_ip
| Device       : xc7z020clg400-1
------------------------------------------------------------------------------------

Upgrade Log for IP 'system_v_tc_0_0'

1. Summary
----------

SUCCESS in the upgrade of system_v_tc_0_0 (xilinx.com:ip:v_tc:6.1) from (Rev. 12) to (Rev. 13)






Copyright 1986-2018 Xilinx, Inc. All Rights Reserved.
------------------------------------------------------------------------------------
| Tool Version : Vivado v.2018.3 (win64) Build 2405991 Thu Dec  6 23:38:27 MST 2018
| Date         : Sun Aug 22 13:20:12 2021
| Host         : DESKTOP-DF95ARD running 64-bit major release  (build 9200)
| Command      : upgrade_ip
| Device       : xc7z020clg400-1
------------------------------------------------------------------------------------

Upgrade Log for IP 'system_v_axi4s_vid_out_0_0'

1. Summary
----------

CAUTION (success, with warnings) in the upgrade of system_v_axi4s_vid_out_0_0 (xilinx.com:ip:v_axi4s_vid_out:4.0) from (Rev. 9) to (Rev. 10)

After upgrade, an IP may have parameter and port differences compared to the original customization. Please review the parameters within the IP customization GUI to ensure proper functionality. Also, please review the updated IP instantiation template to ensure proper connectivity, and update your design if required.

2. Connection Warnings
----------------------

Detected external port differences while upgrading 'system_v_axi4s_vid_out_0_0'. These changes may impact your design.


-Upgrade has added port 'fifo_read_level'







Copyright 1986-2018 Xilinx, Inc. All Rights Reserved.
------------------------------------------------------------------------------------
| Tool Version : Vivado v.2018.3 (win64) Build 2405991 Thu Dec  6 23:38:27 MST 2018
| Date         : Sun Aug 22 13:20:12 2021
| Host         : DESKTOP-DF95ARD running 64-bit major release  (build 9200)
| Command      : upgrade_ip
| Device       : xc7z020clg400-1
------------------------------------------------------------------------------------

Upgrade Log for IP 'system_smartconnect_0_0'

1. Summary
----------

SUCCESS in the upgrade of system_smartconnect_0_0 (xilinx.com:ip:smartconnect:1.0) from (Rev. 9) to (Rev. 10)

After upgrade, an IP may have parameter and port differences compared to the original customization. Please review the parameters within the IP customization GUI to ensure proper functionality. Also, please review the updated IP instantiation template to ensure proper connectivity, and update your design if required.

2. Interface Information
------------------------

Detected external interface differences while upgrading 'system_smartconnect_0_0'.



3. Connection Warnings
----------------------

Detected external port differences while upgrading 'system_smartconnect_0_0'. These changes may impact your design.








Copyright 1986-2018 Xilinx, Inc. All Rights Reserved.
------------------------------------------------------------------------------------
| Tool Version : Vivado v.2018.3 (win64) Build 2405991 Thu Dec  6 23:38:27 MST 2018
| Date         : Sun Aug 22 13:20:12 2021
| Host         : DESKTOP-DF95ARD running 64-bit major release  (build 9200)
| Command      : upgrade_ip
| Device       : xc7z020clg400-1
------------------------------------------------------------------------------------

Upgrade Log for IP 'system_proc_sys_reset_0_0'

1. Summary
----------

SUCCESS in the upgrade of system_proc_sys_reset_0_0 (xilinx.com:ip:proc_sys_reset:5.0) from (Rev. 12) to (Rev. 13)






Copyright 1986-2018 Xilinx, Inc. All Rights Reserved.
------------------------------------------------------------------------------------
| Tool Version : Vivado v.2018.3 (win64) Build 2405991 Thu Dec  6 23:38:27 MST 2018
| Date         : Sun Aug 22 13:20:12 2021
| Host         : DESKTOP-DF95ARD running 64-bit major release  (build 9200)
| Command      : upgrade_ip
| Device       : xc7z020clg400-1
------------------------------------------------------------------------------------

Upgrade Log for IP 'system_clk_wiz_0_0'

1. Summary
----------

SUCCESS in the upgrade of system_clk_wiz_0_0 (xilinx.com:ip:clk_wiz:6.0) from (Rev. 1) to (Rev. 2)






Copyright 1986-2018 Xilinx, Inc. All Rights Reserved.
------------------------------------------------------------------------------------
| Tool Version : Vivado v.2018.3 (win64) Build 2405991 Thu Dec  6 23:38:27 MST 2018
| Date         : Sun Aug 22 13:20:12 2021
| Host         : DESKTOP-DF95ARD running 64-bit major release  (build 9200)
| Command      : upgrade_ip
| Device       : xc7z020clg400-1
------------------------------------------------------------------------------------

Upgrade Log for IP 'system_axi_vdma_0_0'

1. Summary
----------

SUCCESS in the upgrade of system_axi_vdma_0_0 (xilinx.com:ip:axi_vdma:6.3) from (Rev. 5) to (Rev. 6)






Copyright 1986-2018 Xilinx, Inc. All Rights Reserved.
------------------------------------------------------------------------------------
| Tool Version : Vivado v.2018.3 (win64) Build 2405991 Thu Dec  6 23:38:27 MST 2018
| Date         : Sun Aug 22 13:20:12 2021
| Host         : DESKTOP-DF95ARD running 64-bit major release  (build 9200)
| Command      : upgrade_ip
| Device       : xc7z020clg400-1
------------------------------------------------------------------------------------

Upgrade Log for IP 'system_axi_interconnect_0_0'

1. Summary
----------

SUCCESS in the upgrade of system_axi_interconnect_0_0 (xilinx.com:ip:axi_interconnect:2.1) from (Rev. 18) to (Rev. 19)






Copyright 1986-2018 Xilinx, Inc. All Rights Reserved.
------------------------------------------------------------------------------------
| Tool Version : Vivado v.2018.3 (win64) Build 2405991 Thu Dec  6 23:38:27 MST 2018
| Date         : Sun Aug 22 13:20:12 2021
| Host         : DESKTOP-DF95ARD running 64-bit major release  (build 9200)
| Command      : upgrade_ip
| Device       : xc7z020clg400-1
------------------------------------------------------------------------------------

Upgrade Log for IP 'system_axi_gpio_0_0'

1. Summary
----------

SUCCESS in the upgrade of system_axi_gpio_0_0 (xilinx.com:ip:axi_gpio:2.0) from (Rev. 19) to (Rev. 20)

