Copyright 1986-2018 Xilinx, Inc. All Rights Reserved.
----------------------------------------------------------------------------------------------------------------------------------------------------------------
| Tool Version     : Vivado v.2018.3 (win64) Build 2405991 Thu Dec  6 23:38:27 MST 2018
| Date             : Sun Aug 22 15:11:44 2021
| Host             : DESKTOP-DF95ARD running 64-bit major release  (build 9200)
| Command          : report_power -file system_wrapper_power_routed.rpt -pb system_wrapper_power_summary_routed.pb -rpx system_wrapper_power_routed.rpx
| Design           : system_wrapper
| Device           : xc7z020clg400-1
| Design State     : routed
| Grade            : commercial
| Process          : typical
| Characterization : Production
----------------------------------------------------------------------------------------------------------------------------------------------------------------

Power Report

Table of Contents
-----------------
1. Summary
1.1 On-Chip Components
1.2 Power Supply Summary
1.3 Confidence Level
2. Settings
2.1 Environment
2.2 Clock Constraints
3. Detailed Reports
3.1 By Hierarchy

1. Summary
----------

+--------------------------+--------------+
| Total On-Chip Power (W)  | 1.843        |
| Design Power Budget (W)  | Unspecified* |
| Power Budget Margin (W)  | NA           |
| Dynamic (W)              | 1.695        |
| Device Static (W)        | 0.148        |
| Effective TJA (C/W)      | 11.5         |
| Max Ambient (C)          | 63.7         |
| Junction Temperature (C) | 46.3         |
| Confidence Level         | Medium       |
| Setting File             | ---          |
| Simulation Activity File | ---          |
| Design Nets Matched      | NA           |
+--------------------------+--------------+
* Specify Design Power Budget using, set_operating_conditions -design_power_budget <value in Watts>


1.1 On-Chip Components
----------------------

+--------------------------+-----------+----------+-----------+-----------------+
| On-Chip                  | Power (W) | Used     | Available | Utilization (%) |
+--------------------------+-----------+----------+-----------+-----------------+
| Clocks                   |     0.033 |       10 |       --- |             --- |
| Slice Logic              |     0.007 |     8060 |       --- |             --- |
|   LUT as Logic           |     0.006 |     2406 |     53200 |            4.52 |
|   Register               |    <0.001 |     4049 |    106400 |            3.81 |
|   CARRY4                 |    <0.001 |      126 |     13300 |            0.95 |
|   LUT as Distributed RAM |    <0.001 |      100 |     17400 |            0.57 |
|   LUT as Shift Register  |    <0.001 |      138 |     17400 |            0.79 |
|   F7/F8 Muxes            |    <0.001 |        5 |     53200 |           <0.01 |
|   Others                 |     0.000 |      483 |       --- |             --- |
| Signals                  |     0.009 |     5843 |       --- |             --- |
| Block RAM                |     0.004 |      9.5 |       140 |            6.79 |
| MMCM                     |     0.130 |        1 |         4 |           25.00 |
| PLL                      |     0.137 |        1 |         4 |           25.00 |
| I/O                      |     0.141 |        9 |       125 |            7.20 |
| PS7                      |     1.233 |        1 |       --- |             --- |
| Static Power             |     0.148 |          |           |                 |
| Total                    |     1.843 |          |           |                 |
+--------------------------+-----------+----------+-----------+-----------------+


1.2 Power Supply Summary
------------------------

+-----------+-------------+-----------+-------------+------------+
| Source    | Voltage (V) | Total (A) | Dynamic (A) | Static (A) |
+-----------+-------------+-----------+-------------+------------+
| Vccint    |       1.000 |     0.088 |       0.072 |      0.016 |
| Vccaux    |       1.800 |     0.156 |       0.140 |      0.016 |
| Vcco33    |       3.300 |     0.043 |       0.042 |      0.001 |
| Vcco25    |       2.500 |     0.000 |       0.000 |      0.000 |
| Vcco18    |       1.800 |     0.000 |       0.000 |      0.000 |
| Vcco15    |       1.500 |     0.000 |       0.000 |      0.000 |
| Vcco135   |       1.350 |     0.000 |       0.000 |      0.000 |
| Vcco12    |       1.200 |     0.000 |       0.000 |      0.000 |
| Vccaux_io |       1.800 |     0.000 |       0.000 |      0.000 |
| Vccbram   |       1.000 |     0.002 |       0.000 |      0.002 |
| MGTAVcc   |       1.000 |     0.000 |       0.000 |      0.000 |
| MGTAVtt   |       1.200 |     0.000 |       0.000 |      0.000 |
| MGTVccaux |       1.800 |     0.000 |       0.000 |      0.000 |
| Vccpint   |       1.000 |     0.734 |       0.702 |      0.032 |
| Vccpaux   |       1.800 |     0.030 |       0.020 |      0.010 |
| Vccpll    |       1.800 |     0.018 |       0.015 |      0.003 |
| Vcco_ddr  |       1.500 |     0.311 |       0.309 |      0.002 |
| Vcco_mio0 |       1.800 |     0.001 |       0.000 |      0.001 |
| Vcco_mio1 |       1.800 |     0.003 |       0.002 |      0.001 |
| Vccadc    |       1.800 |     0.020 |       0.000 |      0.020 |
+-----------+-------------+-----------+-------------+------------+


1.3 Confidence Level
--------------------

+-----------------------------+------------+------------------------------------------------+------------------------------------------------------------------------------------------------------------+
| User Input Data             | Confidence | Details                                        | Action                                                                                                     |
+-----------------------------+------------+------------------------------------------------+------------------------------------------------------------------------------------------------------------+
| Design implementation state | High       | Design is routed                               |                                                                                                            |
| Clock nodes activity        | High       | User specified more than 95% of clocks         |                                                                                                            |
| I/O nodes activity          | High       | User specified more than 95% of inputs         |                                                                                                            |
| Internal nodes activity     | Medium     | User specified less than 25% of internal nodes | Provide missing internal nodes activity with simulation results or by editing the "By Resource Type" views |
| Device models               | High       | Device models are Production                   |                                                                                                            |
|                             |            |                                                |                                                                                                            |
| Overall confidence level    | Medium     |                                                |                                                                                                            |
+-----------------------------+------------+------------------------------------------------+------------------------------------------------------------------------------------------------------------+


2. Settings
-----------

2.1 Environment
---------------

+-----------------------+------------------------+
| Ambient Temp (C)      | 25.0                   |
| ThetaJA (C/W)         | 11.5                   |
| Airflow (LFM)         | 250                    |
| Heat Sink             | none                   |
| ThetaSA (C/W)         | 0.0                    |
| Board Selection       | medium (10"x10")       |
| # of Board Layers     | 8to11 (8 to 11 Layers) |
| Board Temperature (C) | 25.0                   |
+-----------------------+------------------------+


2.2 Clock Constraints
---------------------

+-----------------------------+------------------------------------------------------------+-----------------+
| Clock                       | Domain                                                     | Constraint (ns) |
+-----------------------------+------------------------------------------------------------+-----------------+
| CLKFBIN                     | system_i/rgb2dvi_0/U0/ClockGenInternal.ClockGenX/CLKFBIN   |             6.7 |
| PixelClkIO                  | system_i/rgb2dvi_0/U0/ClockGenInternal.ClockGenX/PixelClk  |             6.7 |
| SerialClkIO                 | system_i/rgb2dvi_0/U0/ClockGenInternal.ClockGenX/SerialClk |             1.3 |
| clk_fpga_0                  | system_i/processing_system7_0/inst/FCLK_CLK_unbuffered[0]  |            10.0 |
| clk_fpga_1                  | system_i/processing_system7_0/inst/FCLK_CLK1               |             6.8 |
| clk_fpga_1                  | system_i/processing_system7_0/inst/FCLK_CLK_unbuffered[1]  |             6.8 |
| clk_out1_system_clk_wiz_0_0 | system_i/clk_wiz_0/inst/clk_out1_system_clk_wiz_0_0        |             6.7 |
| clkfbout_system_clk_wiz_0_0 | system_i/clk_wiz_0/inst/clkfbout_system_clk_wiz_0_0        |            47.3 |
+-----------------------------+------------------------------------------------------------+-----------------+


3. Detailed Reports
-------------------

3.1 By Hierarchy
----------------

+--------------------------+-----------+
| Name                     | Power (W) |
+--------------------------+-----------+
| system_wrapper           |     1.695 |
|   system_i               |     1.695 |
|     axi_interconnect_0   |     0.006 |
|       s00_couplers       |     0.005 |
|     axi_vdma_0           |     0.011 |
|       U0                 |     0.011 |
|     clk_wiz_0            |     0.130 |
|       inst               |     0.130 |
|     processing_system7_0 |     1.234 |
|       inst               |     1.234 |
|     rgb2dvi_0            |     0.288 |
|       U0                 |     0.288 |
|     smartconnect_0       |     0.011 |
|       inst               |     0.011 |
|     v_axi4s_vid_out_0    |     0.013 |
|       inst               |     0.013 |
|     v_tc_0               |     0.002 |
|       U0                 |     0.002 |
+--------------------------+-----------+


