16:01:13 INFO  : Registering command handlers for SDK TCF services
16:01:13 INFO  : Launching XSCT server: xsct.bat -interactive C:\Users\deive\Documents\TCC\project\image_processing_base\image_processing_base.sdk\temp_xsdb_launch_script.tcl
16:01:16 INFO  : XSCT server has started successfully.
16:01:16 INFO  : Successfully done setting XSCT server connection channel  
16:01:19 INFO  : Successfully done setting SDK workspace  
16:01:19 INFO  : Processing command line option -hwspec C:/Users/deive/Documents/TCC/project/image_processing_base/image_processing_base.sdk/system_wrapper.hdf.
16:34:29 INFO  : Connected to target on host '127.0.0.1' and port '3121'.
16:34:49 INFO  : Connected to target on host '127.0.0.1' and port '3121'.
16:34:55 INFO  : Connected to target on host '127.0.0.1' and port '3121'.
16:34:55 INFO  : 'targets -set -filter {jtag_cable_name =~ "Platform Cable USB II 13724327082a01" && level==0} -index 1' command is executed.
16:35:07 INFO  : FPGA configured successfully with bitstream "C:/Users/deive/Documents/TCC/project/image_processing_base/image_processing_base.sdk/system_wrapper_hw_platform_0/system_wrapper.bit"
16:35:20 INFO  : 'targets -set -filter {jtag_cable_name =~ "Platform Cable USB II 13724327082a01" && level==0} -index 1' command is executed.
16:35:20 INFO  : 'fpga -state' command is executed.
16:35:20 INFO  : Connected to target on host '127.0.0.1' and port '3121'.
16:35:20 INFO  : Jtag cable 'Platform Cable USB II 13724327082a01' is selected.
16:35:20 INFO  : 'jtag frequency' command is executed.
16:35:20 INFO  : Sourcing of 'C:/Users/deive/Documents/TCC/project/image_processing_base/image_processing_base.sdk/system_wrapper_hw_platform_0/ps7_init.tcl' is done.
16:35:20 INFO  : Context for 'APU' is selected.
16:35:20 INFO  : Hardware design information is loaded from 'C:/Users/deive/Documents/TCC/project/image_processing_base/image_processing_base.sdk/system_wrapper_hw_platform_0/system.hdf'.
16:35:20 INFO  : 'configparams force-mem-access 1' command is executed.
16:35:20 INFO  : Context for 'APU' is selected.
16:35:20 INFO  : 'stop' command is executed.
16:35:21 INFO  : 'ps7_init' command is executed.
16:35:21 INFO  : 'ps7_post_config' command is executed.
16:35:21 INFO  : Context for processor 'ps7_cortexa9_0' is selected.
16:35:21 INFO  : Processor reset is completed for 'ps7_cortexa9_0'.
16:35:21 INFO  : Context for processor 'ps7_cortexa9_0' is selected.
16:35:21 INFO  : The application 'C:/Users/deive/Documents/TCC/project/image_processing_base/image_processing_base.sdk/image_processing_base_sdk/Debug/image_processing_base_sdk.elf' is downloaded to processor 'ps7_cortexa9_0'.
16:35:21 INFO  : 'configparams force-mem-access 0' command is executed.
16:35:21 INFO  : ----------------XSDB Script----------------
connect -url tcp:127.0.0.1:3121
source C:/Users/deive/Documents/TCC/project/image_processing_base/image_processing_base.sdk/system_wrapper_hw_platform_0/ps7_init.tcl
targets -set -nocase -filter {name =~"APU*" && jtag_cable_name =~ "Platform Cable USB II 13724327082a01"} -index 0
loadhw -hw C:/Users/deive/Documents/TCC/project/image_processing_base/image_processing_base.sdk/system_wrapper_hw_platform_0/system.hdf -mem-ranges [list {0x40000000 0xbfffffff}]
configparams force-mem-access 1
targets -set -nocase -filter {name =~"APU*" && jtag_cable_name =~ "Platform Cable USB II 13724327082a01"} -index 0
stop
ps7_init
ps7_post_config
targets -set -nocase -filter {name =~ "ARM*#0" && jtag_cable_name =~ "Platform Cable USB II 13724327082a01"} -index 0
rst -processor
targets -set -nocase -filter {name =~ "ARM*#0" && jtag_cable_name =~ "Platform Cable USB II 13724327082a01"} -index 0
dow C:/Users/deive/Documents/TCC/project/image_processing_base/image_processing_base.sdk/image_processing_base_sdk/Debug/image_processing_base_sdk.elf
configparams force-mem-access 0
----------------End of Script----------------

16:35:22 INFO  : Memory regions updated for context APU
16:35:22 INFO  : Context for processor 'ps7_cortexa9_0' is selected.
16:35:22 INFO  : 'con' command is executed.
16:35:22 INFO  : ----------------XSDB Script (After Launch)----------------
targets -set -nocase -filter {name =~ "ARM*#0" && jtag_cable_name =~ "Platform Cable USB II 13724327082a01"} -index 0
con
----------------End of Script----------------

16:35:22 INFO  : Launch script is exported to file 'C:\Users\deive\Documents\TCC\project\image_processing_base\image_processing_base.sdk\.sdk\launch_scripts\xilinx_c-c++_application_(system_debugger)\system_debugger_using_debug_image_processing_base_sdk.elf_on_local.tcl'
16:37:15 INFO  : Disconnected from the channel tcfchan#1.
16:37:16 INFO  : 'targets -set -filter {jtag_cable_name =~ "Platform Cable USB II 13724327082a01" && level==0} -index 1' command is executed.
16:37:16 INFO  : 'fpga -state' command is executed.
16:37:16 INFO  : Connected to target on host '127.0.0.1' and port '3121'.
16:37:16 INFO  : Jtag cable 'Platform Cable USB II 13724327082a01' is selected.
16:37:16 INFO  : 'jtag frequency' command is executed.
16:37:16 INFO  : Sourcing of 'C:/Users/deive/Documents/TCC/project/image_processing_base/image_processing_base.sdk/system_wrapper_hw_platform_0/ps7_init.tcl' is done.
16:37:16 INFO  : Context for 'APU' is selected.
16:37:18 INFO  : Hardware design information is loaded from 'C:/Users/deive/Documents/TCC/project/image_processing_base/image_processing_base.sdk/system_wrapper_hw_platform_0/system.hdf'.
16:37:18 INFO  : 'configparams force-mem-access 1' command is executed.
16:37:18 INFO  : Context for 'APU' is selected.
16:37:18 INFO  : 'stop' command is executed.
16:37:22 INFO  : 'ps7_init' command is executed.
16:37:22 INFO  : 'ps7_post_config' command is executed.
16:37:22 INFO  : Context for processor 'ps7_cortexa9_0' is selected.
16:37:22 INFO  : Processor reset is completed for 'ps7_cortexa9_0'.
16:37:22 INFO  : Context for processor 'ps7_cortexa9_0' is selected.
16:37:25 ERROR : Memory write error at 0x100000. AP transaction timeout
16:37:25 INFO  : ----------------XSDB Script----------------
connect -url tcp:127.0.0.1:3121
source C:/Users/deive/Documents/TCC/project/image_processing_base/image_processing_base.sdk/system_wrapper_hw_platform_0/ps7_init.tcl
targets -set -nocase -filter {name =~"APU*" && jtag_cable_name =~ "Platform Cable USB II 13724327082a01"} -index 0
loadhw -hw C:/Users/deive/Documents/TCC/project/image_processing_base/image_processing_base.sdk/system_wrapper_hw_platform_0/system.hdf -mem-ranges [list {0x40000000 0xbfffffff}]
configparams force-mem-access 1
targets -set -nocase -filter {name =~"APU*" && jtag_cable_name =~ "Platform Cable USB II 13724327082a01"} -index 0
stop
ps7_init
ps7_post_config
targets -set -nocase -filter {name =~ "ARM*#0" && jtag_cable_name =~ "Platform Cable USB II 13724327082a01"} -index 0
rst -processor
targets -set -nocase -filter {name =~ "ARM*#0" && jtag_cable_name =~ "Platform Cable USB II 13724327082a01"} -index 0
dow C:/Users/deive/Documents/TCC/project/image_processing_base/image_processing_base.sdk/image_processing_base_sdk/Debug/image_processing_base_sdk.elf
----------------End of Script----------------

16:42:04 INFO  : Connected to target on host '127.0.0.1' and port '3121'.
16:42:04 INFO  : 'targets -set -filter {jtag_cable_name =~ "Platform Cable USB II 13724327082a01" && level==0} -index 1' command is executed.
16:42:17 ERROR : fpga configuration failed. DONE PIN is not HIGH
16:42:33 INFO  : Connected to target on host '127.0.0.1' and port '3121'.
16:42:33 INFO  : 'targets -set -filter {jtag_cable_name =~ "Platform Cable USB II 13724327082a01" && level==0} -index 1' command is executed.
16:42:36 ERROR : fpga initialization failed
16:42:54 INFO  : Connected to target on host '127.0.0.1' and port '3121'.
16:42:54 INFO  : 'targets -set -filter {jtag_cable_name =~ "Platform Cable USB II 13724327082a01" && level==0} -index 1' command is executed.
16:43:06 INFO  : FPGA configured successfully with bitstream "C:/Users/deive/Documents/TCC/project/image_processing_base/image_processing_base.sdk/system_wrapper_hw_platform_0/system_wrapper.bit"
16:43:11 INFO  : 'targets -set -filter {jtag_cable_name =~ "Platform Cable USB II 13724327082a01" && level==0} -index 1' command is executed.
16:43:11 INFO  : 'fpga -state' command is executed.
16:43:11 INFO  : Connected to target on host '127.0.0.1' and port '3121'.
16:43:11 INFO  : Jtag cable 'Platform Cable USB II 13724327082a01' is selected.
16:43:11 INFO  : 'jtag frequency' command is executed.
16:43:11 INFO  : Sourcing of 'C:/Users/deive/Documents/TCC/project/image_processing_base/image_processing_base.sdk/system_wrapper_hw_platform_0/ps7_init.tcl' is done.
16:43:11 INFO  : Context for 'APU' is selected.
16:43:11 INFO  : Hardware design information is loaded from 'C:/Users/deive/Documents/TCC/project/image_processing_base/image_processing_base.sdk/system_wrapper_hw_platform_0/system.hdf'.
16:43:11 INFO  : 'configparams force-mem-access 1' command is executed.
16:43:11 INFO  : Context for 'APU' is selected.
16:43:11 INFO  : 'stop' command is executed.
16:43:12 INFO  : 'ps7_init' command is executed.
16:43:12 INFO  : 'ps7_post_config' command is executed.
16:43:12 INFO  : Context for processor 'ps7_cortexa9_0' is selected.
16:43:12 INFO  : Processor reset is completed for 'ps7_cortexa9_0'.
16:43:12 INFO  : Context for processor 'ps7_cortexa9_0' is selected.
16:43:12 INFO  : The application 'C:/Users/deive/Documents/TCC/project/image_processing_base/image_processing_base.sdk/image_processing_base_sdk/Debug/image_processing_base_sdk.elf' is downloaded to processor 'ps7_cortexa9_0'.
16:43:12 INFO  : 'configparams force-mem-access 0' command is executed.
16:43:12 INFO  : ----------------XSDB Script----------------
connect -url tcp:127.0.0.1:3121
source C:/Users/deive/Documents/TCC/project/image_processing_base/image_processing_base.sdk/system_wrapper_hw_platform_0/ps7_init.tcl
targets -set -nocase -filter {name =~"APU*" && jtag_cable_name =~ "Platform Cable USB II 13724327082a01"} -index 0
loadhw -hw C:/Users/deive/Documents/TCC/project/image_processing_base/image_processing_base.sdk/system_wrapper_hw_platform_0/system.hdf -mem-ranges [list {0x40000000 0xbfffffff}]
configparams force-mem-access 1
targets -set -nocase -filter {name =~"APU*" && jtag_cable_name =~ "Platform Cable USB II 13724327082a01"} -index 0
stop
ps7_init
ps7_post_config
targets -set -nocase -filter {name =~ "ARM*#0" && jtag_cable_name =~ "Platform Cable USB II 13724327082a01"} -index 0
rst -processor
targets -set -nocase -filter {name =~ "ARM*#0" && jtag_cable_name =~ "Platform Cable USB II 13724327082a01"} -index 0
dow C:/Users/deive/Documents/TCC/project/image_processing_base/image_processing_base.sdk/image_processing_base_sdk/Debug/image_processing_base_sdk.elf
configparams force-mem-access 0
----------------End of Script----------------

16:43:13 INFO  : Memory regions updated for context APU
16:43:13 INFO  : Context for processor 'ps7_cortexa9_0' is selected.
16:43:13 INFO  : 'con' command is executed.
16:43:13 INFO  : ----------------XSDB Script (After Launch)----------------
targets -set -nocase -filter {name =~ "ARM*#0" && jtag_cable_name =~ "Platform Cable USB II 13724327082a01"} -index 0
con
----------------End of Script----------------

16:43:13 INFO  : Launch script is exported to file 'C:\Users\deive\Documents\TCC\project\image_processing_base\image_processing_base.sdk\.sdk\launch_scripts\xilinx_c-c++_application_(system_debugger)\system_debugger_using_debug_image_processing_base_sdk.elf_on_local.tcl'
16:43:59 ERROR : (XSDB Server)ERROR: [Hsi 55-1403] C:/Users/deive/Documents/TCC/project/image_processing/image_processing.sdk/image_processing_bsp/system.mss line 202 - No IP instance named axi_dynclk_0 present in hardware design

16:43:59 ERROR : (XSDB Server)ERROR: [Hsi 55-1452] Error: running open_sw_design.

16:43:59 ERROR :  [Common 17-39] 'hsi::open_sw_design' failed due to earlier errors.
16:43:59 ERROR : (XSDB Server)ERROR: [Hsi 55-1403] C:/Users/deive/Documents/TCC/project/image_processing/image_processing.sdk/image_processing_bsp/system.mss line 202 - No IP instance named axi_dynclk_0 present in hardware design

16:43:59 ERROR : (XSDB Server)ERROR: [Hsi 55-1452] Error: running open_sw_design.

16:43:59 INFO  : Unable to read in MSS file C:\Users\deive\Documents\TCC\project\image_processing\image_processing.sdk\image_processing_bsp\system.mss : null
16:43:59 ERROR : (XSDB Server)ERROR: [Hsi 55-1403] C:/Users/deive/Documents/TCC/project/image_processing/image_processing.sdk/image_processing_bsp/system.mss line 202 - No IP instance named axi_dynclk_0 present in hardware design

16:43:59 ERROR : (XSDB Server)ERROR: [Hsi 55-1452] Error: running open_sw_design.

16:43:59 ERROR : (XSDB Server)ERROR: [Hsi 55-1403] C:/Users/deive/Documents/TCC/project/image_processing/image_processing.sdk/image_processing_bsp/system.mss line 202 - No IP instance named axi_dynclk_0 present in hardware design

16:43:59 ERROR : (XSDB Server)ERROR: [Hsi 55-1452] Error: running open_sw_design.

16:43:59 ERROR : Failed to get_connected_periphs
Reason: ERROR: [Common 17-55] 'get_property' expects at least one object.
Resolution: If [get_<value>] was used to populate the object, check to make sure this command returns at least one valid object.

16:44:49 INFO  : Disconnected from the channel tcfchan#2.
16:45:08 INFO  : Registering command handlers for SDK TCF services
16:45:09 INFO  : Launching XSCT server: xsct.bat -interactive C:\Users\deive\Documents\TCC\project\image_processing_base\image_processing_base.sdk\temp_xsdb_launch_script.tcl
16:45:11 INFO  : XSCT server has started successfully.
16:45:11 INFO  : Successfully done setting XSCT server connection channel  
16:45:11 INFO  : Successfully done setting SDK workspace  
16:45:11 INFO  : Processing command line option -hwspec C:/Users/deive/Documents/TCC/project/image_processing_base/image_processing_base.sdk/system_wrapper.hdf.
16:51:20 INFO  : Connected to target on host '127.0.0.1' and port '3121'.
16:51:43 INFO  : Connected to target on host '127.0.0.1' and port '3121'.
16:51:43 INFO  : 'targets -set -filter {jtag_cable_name =~ "Platform Cable USB II 13724327082a01" && level==0} -index 1' command is executed.
16:51:55 INFO  : FPGA configured successfully with bitstream "C:/Users/deive/Documents/TCC/project/image_processing_base/image_processing_base.sdk/system_wrapper_hw_platform_0/system_wrapper.bit"
16:52:25 INFO  : 'targets -set -filter {jtag_cable_name =~ "Platform Cable USB II 13724327082a01" && level==0} -index 1' command is executed.
16:52:25 INFO  : 'fpga -state' command is executed.
16:52:25 INFO  : Connected to target on host '127.0.0.1' and port '3121'.
16:52:25 INFO  : Jtag cable 'Platform Cable USB II 13724327082a01' is selected.
16:52:25 INFO  : 'jtag frequency' command is executed.
16:52:25 INFO  : Sourcing of 'C:/Users/deive/Documents/TCC/project/image_processing_base/image_processing_base.sdk/system_wrapper_hw_platform_0/ps7_init.tcl' is done.
16:52:25 INFO  : Context for 'APU' is selected.
16:52:25 INFO  : Hardware design information is loaded from 'C:/Users/deive/Documents/TCC/project/image_processing_base/image_processing_base.sdk/system_wrapper_hw_platform_0/system.hdf'.
16:52:25 INFO  : 'configparams force-mem-access 1' command is executed.
16:52:25 INFO  : Context for 'APU' is selected.
16:52:25 INFO  : 'stop' command is executed.
16:52:26 INFO  : 'ps7_init' command is executed.
16:52:26 INFO  : 'ps7_post_config' command is executed.
16:52:26 INFO  : 'configparams force-mem-access 0' command is executed.
16:52:26 INFO  : ----------------XSDB Script----------------
connect -url tcp:127.0.0.1:3121
source C:/Users/deive/Documents/TCC/project/image_processing_base/image_processing_base.sdk/system_wrapper_hw_platform_0/ps7_init.tcl
targets -set -nocase -filter {name =~"APU*" && jtag_cable_name =~ "Platform Cable USB II 13724327082a01"} -index 0
loadhw -hw C:/Users/deive/Documents/TCC/project/image_processing_base/image_processing_base.sdk/system_wrapper_hw_platform_0/system.hdf -mem-ranges [list {0x40000000 0xbfffffff}]
configparams force-mem-access 1
targets -set -nocase -filter {name =~"APU*" && jtag_cable_name =~ "Platform Cable USB II 13724327082a01"} -index 0
stop
ps7_init
ps7_post_config
configparams force-mem-access 0
----------------End of Script----------------

16:52:26 INFO  : Memory regions updated for context APU
16:52:26 INFO  : Launch script is exported to file 'C:\Users\deive\Documents\TCC\project\image_processing_base\image_processing_base.sdk\.sdk\launch_scripts\xilinx_c-c++_application_(system_debugger)\system_debugger_using_debug_image_processing_base_sdk.elf_on_local.tcl'
16:55:25 INFO  : Disconnected from the channel tcfchan#1.
16:55:26 INFO  : 'targets -set -filter {jtag_cable_name =~ "Platform Cable USB II 13724327082a01" && level==0} -index 1' command is executed.
16:55:26 INFO  : 'fpga -state' command is executed.
16:55:26 INFO  : Connected to target on host '127.0.0.1' and port '3121'.
16:55:26 INFO  : Jtag cable 'Platform Cable USB II 13724327082a01' is selected.
16:55:26 INFO  : 'jtag frequency' command is executed.
16:55:26 INFO  : Sourcing of 'C:/Users/deive/Documents/TCC/project/image_processing_base/image_processing_base.sdk/system_wrapper_hw_platform_0/ps7_init.tcl' is done.
16:55:26 INFO  : Context for 'APU' is selected.
16:55:27 INFO  : Hardware design information is loaded from 'C:/Users/deive/Documents/TCC/project/image_processing_base/image_processing_base.sdk/system_wrapper_hw_platform_0/system.hdf'.
16:55:27 INFO  : 'configparams force-mem-access 1' command is executed.
16:55:27 INFO  : Context for 'APU' is selected.
16:55:27 INFO  : 'stop' command is executed.
16:55:28 INFO  : 'ps7_init' command is executed.
16:55:28 INFO  : 'ps7_post_config' command is executed.
16:55:28 INFO  : Context for processor 'ps7_cortexa9_0' is selected.
16:55:28 INFO  : Processor reset is completed for 'ps7_cortexa9_0'.
16:55:28 INFO  : Context for processor 'ps7_cortexa9_0' is selected.
16:55:29 INFO  : The application 'C:/Users/deive/Documents/TCC/project/image_processing_base/image_processing_base.sdk/image_processing/Debug/image_processing.elf' is downloaded to processor 'ps7_cortexa9_0'.
16:55:29 INFO  : 'configparams force-mem-access 0' command is executed.
16:55:29 INFO  : ----------------XSDB Script----------------
connect -url tcp:127.0.0.1:3121
source C:/Users/deive/Documents/TCC/project/image_processing_base/image_processing_base.sdk/system_wrapper_hw_platform_0/ps7_init.tcl
targets -set -nocase -filter {name =~"APU*" && jtag_cable_name =~ "Platform Cable USB II 13724327082a01"} -index 0
loadhw -hw C:/Users/deive/Documents/TCC/project/image_processing_base/image_processing_base.sdk/system_wrapper_hw_platform_0/system.hdf -mem-ranges [list {0x40000000 0xbfffffff}]
configparams force-mem-access 1
targets -set -nocase -filter {name =~"APU*" && jtag_cable_name =~ "Platform Cable USB II 13724327082a01"} -index 0
stop
ps7_init
ps7_post_config
targets -set -nocase -filter {name =~ "ARM*#0" && jtag_cable_name =~ "Platform Cable USB II 13724327082a01"} -index 0
rst -processor
targets -set -nocase -filter {name =~ "ARM*#0" && jtag_cable_name =~ "Platform Cable USB II 13724327082a01"} -index 0
dow C:/Users/deive/Documents/TCC/project/image_processing_base/image_processing_base.sdk/image_processing/Debug/image_processing.elf
configparams force-mem-access 0
----------------End of Script----------------

16:55:29 INFO  : Memory regions updated for context APU
16:55:29 INFO  : Context for processor 'ps7_cortexa9_0' is selected.
16:55:29 INFO  : 'con' command is executed.
16:55:29 INFO  : ----------------XSDB Script (After Launch)----------------
targets -set -nocase -filter {name =~ "ARM*#0" && jtag_cable_name =~ "Platform Cable USB II 13724327082a01"} -index 0
con
----------------End of Script----------------

16:55:29 INFO  : Launch script is exported to file 'C:\Users\deive\Documents\TCC\project\image_processing_base\image_processing_base.sdk\.sdk\launch_scripts\xilinx_c-c++_application_(system_debugger)\system_debugger_using_debug_image_processing.elf_on_local.tcl'
16:55:58 INFO  : Connected to target on host '127.0.0.1' and port '3121'.
16:56:18 INFO  : Connected to target on host '127.0.0.1' and port '3121'.
16:56:27 INFO  : Connected to target on host '127.0.0.1' and port '3121'.
16:56:50 INFO  : Connected to target on host '127.0.0.1' and port '3121'.
16:56:50 INFO  : 'targets -set -filter {jtag_cable_name =~ "Platform Cable USB II 13724327082a01" && level==0} -index 1' command is executed.
16:57:02 INFO  : FPGA configured successfully with bitstream "C:/Users/deive/Documents/TCC/project/image_processing_base/image_processing_base.sdk/system_wrapper_hw_platform_0/system_wrapper.bit"
16:57:16 INFO  : Disconnected from the channel tcfchan#2.
16:57:17 INFO  : 'targets -set -filter {jtag_cable_name =~ "Platform Cable USB II 13724327082a01" && level==0} -index 1' command is executed.
16:57:17 INFO  : 'fpga -state' command is executed.
16:57:17 INFO  : Connected to target on host '127.0.0.1' and port '3121'.
16:57:17 INFO  : Jtag cable 'Platform Cable USB II 13724327082a01' is selected.
16:57:17 INFO  : 'jtag frequency' command is executed.
16:57:17 INFO  : Sourcing of 'C:/Users/deive/Documents/TCC/project/image_processing_base/image_processing_base.sdk/system_wrapper_hw_platform_0/ps7_init.tcl' is done.
16:57:17 INFO  : Context for 'APU' is selected.
16:57:19 INFO  : Hardware design information is loaded from 'C:/Users/deive/Documents/TCC/project/image_processing_base/image_processing_base.sdk/system_wrapper_hw_platform_0/system.hdf'.
16:57:19 INFO  : 'configparams force-mem-access 1' command is executed.
16:57:19 INFO  : Context for 'APU' is selected.
16:57:19 INFO  : 'stop' command is executed.
16:57:20 INFO  : 'ps7_init' command is executed.
16:57:20 INFO  : 'ps7_post_config' command is executed.
16:57:20 INFO  : Context for processor 'ps7_cortexa9_0' is selected.
16:57:20 INFO  : Processor reset is completed for 'ps7_cortexa9_0'.
16:57:20 INFO  : Context for processor 'ps7_cortexa9_0' is selected.
16:57:20 INFO  : The application 'C:/Users/deive/Documents/TCC/project/image_processing_base/image_processing_base.sdk/image_processing/Debug/image_processing.elf' is downloaded to processor 'ps7_cortexa9_0'.
16:57:20 INFO  : 'configparams force-mem-access 0' command is executed.
16:57:20 INFO  : ----------------XSDB Script----------------
connect -url tcp:127.0.0.1:3121
source C:/Users/deive/Documents/TCC/project/image_processing_base/image_processing_base.sdk/system_wrapper_hw_platform_0/ps7_init.tcl
targets -set -nocase -filter {name =~"APU*" && jtag_cable_name =~ "Platform Cable USB II 13724327082a01"} -index 0
loadhw -hw C:/Users/deive/Documents/TCC/project/image_processing_base/image_processing_base.sdk/system_wrapper_hw_platform_0/system.hdf -mem-ranges [list {0x40000000 0xbfffffff}]
configparams force-mem-access 1
targets -set -nocase -filter {name =~"APU*" && jtag_cable_name =~ "Platform Cable USB II 13724327082a01"} -index 0
stop
ps7_init
ps7_post_config
targets -set -nocase -filter {name =~ "ARM*#0" && jtag_cable_name =~ "Platform Cable USB II 13724327082a01"} -index 0
rst -processor
targets -set -nocase -filter {name =~ "ARM*#0" && jtag_cable_name =~ "Platform Cable USB II 13724327082a01"} -index 0
dow C:/Users/deive/Documents/TCC/project/image_processing_base/image_processing_base.sdk/image_processing/Debug/image_processing.elf
configparams force-mem-access 0
----------------End of Script----------------

16:57:21 INFO  : Memory regions updated for context APU
16:57:21 INFO  : Context for processor 'ps7_cortexa9_0' is selected.
16:57:21 INFO  : 'con' command is executed.
16:57:21 INFO  : ----------------XSDB Script (After Launch)----------------
targets -set -nocase -filter {name =~ "ARM*#0" && jtag_cable_name =~ "Platform Cable USB II 13724327082a01"} -index 0
con
----------------End of Script----------------

16:57:21 INFO  : Launch script is exported to file 'C:\Users\deive\Documents\TCC\project\image_processing_base\image_processing_base.sdk\.sdk\launch_scripts\xilinx_c-c++_application_(system_debugger)\system_debugger_using_debug_image_processing.elf_on_local.tcl'
16:57:38 INFO  : Disconnected from the channel tcfchan#3.
16:57:39 INFO  : 'targets -set -filter {jtag_cable_name =~ "Platform Cable USB II 13724327082a01" && level==0} -index 1' command is executed.
16:57:39 INFO  : 'fpga -state' command is executed.
16:57:39 INFO  : Connected to target on host '127.0.0.1' and port '3121'.
16:57:40 INFO  : Jtag cable 'Platform Cable USB II 13724327082a01' is selected.
16:57:40 INFO  : 'jtag frequency' command is executed.
16:57:40 INFO  : Sourcing of 'C:/Users/deive/Documents/TCC/project/image_processing_base/image_processing_base.sdk/system_wrapper_hw_platform_0/ps7_init.tcl' is done.
16:57:40 INFO  : Context for 'APU' is selected.
16:57:41 INFO  : Hardware design information is loaded from 'C:/Users/deive/Documents/TCC/project/image_processing_base/image_processing_base.sdk/system_wrapper_hw_platform_0/system.hdf'.
16:57:41 INFO  : 'configparams force-mem-access 1' command is executed.
16:57:41 INFO  : Context for 'APU' is selected.
16:57:42 INFO  : 'stop' command is executed.
16:57:45 INFO  : 'ps7_init' command is executed.
16:57:45 INFO  : 'ps7_post_config' command is executed.
16:57:45 INFO  : Context for processor 'ps7_cortexa9_0' is selected.
16:57:45 INFO  : Processor reset is completed for 'ps7_cortexa9_0'.
16:57:45 INFO  : Context for processor 'ps7_cortexa9_0' is selected.
16:57:47 ERROR : Memory write error at 0x100000. AP transaction timeout
16:57:47 INFO  : ----------------XSDB Script----------------
connect -url tcp:127.0.0.1:3121
source C:/Users/deive/Documents/TCC/project/image_processing_base/image_processing_base.sdk/system_wrapper_hw_platform_0/ps7_init.tcl
targets -set -nocase -filter {name =~"APU*" && jtag_cable_name =~ "Platform Cable USB II 13724327082a01"} -index 0
loadhw -hw C:/Users/deive/Documents/TCC/project/image_processing_base/image_processing_base.sdk/system_wrapper_hw_platform_0/system.hdf -mem-ranges [list {0x40000000 0xbfffffff}]
configparams force-mem-access 1
targets -set -nocase -filter {name =~"APU*" && jtag_cable_name =~ "Platform Cable USB II 13724327082a01"} -index 0
stop
ps7_init
ps7_post_config
targets -set -nocase -filter {name =~ "ARM*#0" && jtag_cable_name =~ "Platform Cable USB II 13724327082a01"} -index 0
rst -processor
targets -set -nocase -filter {name =~ "ARM*#0" && jtag_cable_name =~ "Platform Cable USB II 13724327082a01"} -index 0
dow C:/Users/deive/Documents/TCC/project/image_processing_base/image_processing_base.sdk/image_processing/Debug/image_processing.elf
----------------End of Script----------------

16:58:36 INFO  : Connected to target on host '127.0.0.1' and port '3121'.
16:58:36 INFO  : 'targets -set -filter {jtag_cable_name =~ "Platform Cable USB II 13724327082a01" && level==0} -index 1' command is executed.
16:58:50 ERROR : fpga configuration failed. DONE PIN is not HIGH
16:59:31 INFO  : Connected to target on host '127.0.0.1' and port '3121'.
16:59:31 INFO  : 'targets -set -filter {jtag_cable_name =~ "Platform Cable USB II 13724327082a01" && level==0} -index 1' command is executed.
16:59:42 INFO  : FPGA configured successfully with bitstream "C:/Users/deive/Documents/TCC/project/image_processing_base/image_processing_base.sdk/system_wrapper_hw_platform_0/system_wrapper.bit"
16:59:48 INFO  : 'targets -set -filter {jtag_cable_name =~ "Platform Cable USB II 13724327082a01" && level==0} -index 1' command is executed.
16:59:48 INFO  : 'fpga -state' command is executed.
16:59:48 INFO  : Connected to target on host '127.0.0.1' and port '3121'.
16:59:48 INFO  : Jtag cable 'Platform Cable USB II 13724327082a01' is selected.
16:59:48 INFO  : 'jtag frequency' command is executed.
16:59:48 INFO  : Sourcing of 'C:/Users/deive/Documents/TCC/project/image_processing_base/image_processing_base.sdk/system_wrapper_hw_platform_0/ps7_init.tcl' is done.
16:59:48 INFO  : Context for 'APU' is selected.
16:59:48 INFO  : Hardware design information is loaded from 'C:/Users/deive/Documents/TCC/project/image_processing_base/image_processing_base.sdk/system_wrapper_hw_platform_0/system.hdf'.
16:59:48 INFO  : 'configparams force-mem-access 1' command is executed.
16:59:48 INFO  : Context for 'APU' is selected.
16:59:49 INFO  : 'stop' command is executed.
16:59:49 INFO  : 'ps7_init' command is executed.
16:59:49 INFO  : 'ps7_post_config' command is executed.
16:59:49 INFO  : Context for processor 'ps7_cortexa9_0' is selected.
16:59:49 INFO  : Processor reset is completed for 'ps7_cortexa9_0'.
16:59:49 INFO  : Context for processor 'ps7_cortexa9_0' is selected.
16:59:50 INFO  : The application 'C:/Users/deive/Documents/TCC/project/image_processing_base/image_processing_base.sdk/image_processing/Debug/image_processing.elf' is downloaded to processor 'ps7_cortexa9_0'.
16:59:50 INFO  : 'configparams force-mem-access 0' command is executed.
16:59:50 INFO  : ----------------XSDB Script----------------
connect -url tcp:127.0.0.1:3121
source C:/Users/deive/Documents/TCC/project/image_processing_base/image_processing_base.sdk/system_wrapper_hw_platform_0/ps7_init.tcl
targets -set -nocase -filter {name =~"APU*" && jtag_cable_name =~ "Platform Cable USB II 13724327082a01"} -index 0
loadhw -hw C:/Users/deive/Documents/TCC/project/image_processing_base/image_processing_base.sdk/system_wrapper_hw_platform_0/system.hdf -mem-ranges [list {0x40000000 0xbfffffff}]
configparams force-mem-access 1
targets -set -nocase -filter {name =~"APU*" && jtag_cable_name =~ "Platform Cable USB II 13724327082a01"} -index 0
stop
ps7_init
ps7_post_config
targets -set -nocase -filter {name =~ "ARM*#0" && jtag_cable_name =~ "Platform Cable USB II 13724327082a01"} -index 0
rst -processor
targets -set -nocase -filter {name =~ "ARM*#0" && jtag_cable_name =~ "Platform Cable USB II 13724327082a01"} -index 0
dow C:/Users/deive/Documents/TCC/project/image_processing_base/image_processing_base.sdk/image_processing/Debug/image_processing.elf
configparams force-mem-access 0
----------------End of Script----------------

16:59:50 INFO  : Memory regions updated for context APU
16:59:50 INFO  : Context for processor 'ps7_cortexa9_0' is selected.
16:59:50 INFO  : 'con' command is executed.
16:59:50 INFO  : ----------------XSDB Script (After Launch)----------------
targets -set -nocase -filter {name =~ "ARM*#0" && jtag_cable_name =~ "Platform Cable USB II 13724327082a01"} -index 0
con
----------------End of Script----------------

16:59:50 INFO  : Launch script is exported to file 'C:\Users\deive\Documents\TCC\project\image_processing_base\image_processing_base.sdk\.sdk\launch_scripts\xilinx_c-c++_application_(system_debugger)\system_debugger_using_debug_image_processing.elf_on_local.tcl'
17:03:43 INFO  : Disconnected from the channel tcfchan#4.
14:35:23 INFO  : Registering command handlers for SDK TCF services
14:35:24 INFO  : Launching XSCT server: xsct.bat -interactive C:\Users\deive\Documents\TCC\project\image_processing_base\image_processing_base.sdk\temp_xsdb_launch_script.tcl
14:35:26 INFO  : XSCT server has started successfully.
14:35:26 INFO  : Successfully done setting XSCT server connection channel  
14:35:26 INFO  : Successfully done setting SDK workspace  
14:35:26 INFO  : Processing command line option -hwspec C:/Users/deive/Documents/TCC/project/image_processing_base/image_processing_base.sdk/system_wrapper.hdf.
14:35:26 INFO  : Checking for hwspec changes in the project system_wrapper_hw_platform_0.
14:35:29 INFO  : SDK has detected change in the last modified timestamps for source hardware specification file Source:1629650766682,  Project:1628621591892
14:35:29 INFO  : The hardware specification for project 'system_wrapper_hw_platform_0' is different from C:/Users/deive/Documents/TCC/project/image_processing_base/image_processing_base.sdk/system_wrapper.hdf.
14:35:29 INFO  : Copied contents of C:/Users/deive/Documents/TCC/project/image_processing_base/image_processing_base.sdk/system_wrapper.hdf into \system_wrapper_hw_platform_0\system.hdf.
14:35:32 INFO  : Synchronizing projects in the workspace with the hardware platform specification changes.
14:35:35 INFO  : 
14:35:36 INFO  : Updating hardware inferred compiler options for image_processing.
14:35:36 INFO  : Clearing existing target manager status.
14:51:32 INFO  : Connected to target on host '127.0.0.1' and port '3121'.
14:51:33 INFO  : 'targets -set -filter {jtag_cable_name =~ "Platform Cable USB II 13724327082a01" && level==0} -index 1' command is executed.
14:51:44 INFO  : FPGA configured successfully with bitstream "C:/Users/deive/Documents/TCC/project/image_processing_base/image_processing_base.sdk/system_wrapper_hw_platform_0/system_wrapper.bit"
14:51:50 INFO  : 'targets -set -filter {jtag_cable_name =~ "Platform Cable USB II 13724327082a01" && level==0} -index 1' command is executed.
14:51:50 INFO  : 'fpga -state' command is executed.
14:51:50 INFO  : Connected to target on host '127.0.0.1' and port '3121'.
14:51:51 INFO  : Jtag cable 'Platform Cable USB II 13724327082a01' is selected.
14:51:51 INFO  : 'jtag frequency' command is executed.
14:51:51 INFO  : Sourcing of 'C:/Users/deive/Documents/TCC/project/image_processing_base/image_processing_base.sdk/system_wrapper_hw_platform_0/ps7_init.tcl' is done.
14:51:51 INFO  : Context for 'APU' is selected.
14:51:51 INFO  : Hardware design information is loaded from 'C:/Users/deive/Documents/TCC/project/image_processing_base/image_processing_base.sdk/system_wrapper_hw_platform_0/system.hdf'.
14:51:51 INFO  : 'configparams force-mem-access 1' command is executed.
14:51:51 INFO  : Context for 'APU' is selected.
14:51:51 INFO  : 'stop' command is executed.
14:51:51 INFO  : 'ps7_init' command is executed.
14:51:51 INFO  : 'ps7_post_config' command is executed.
14:51:51 INFO  : Context for processor 'ps7_cortexa9_0' is selected.
14:51:51 INFO  : Processor reset is completed for 'ps7_cortexa9_0'.
14:51:51 INFO  : Context for processor 'ps7_cortexa9_0' is selected.
14:51:52 INFO  : The application 'C:/Users/deive/Documents/TCC/project/image_processing_base/image_processing_base.sdk/image_processing/Debug/image_processing.elf' is downloaded to processor 'ps7_cortexa9_0'.
14:51:52 INFO  : 'configparams force-mem-access 0' command is executed.
14:51:52 INFO  : ----------------XSDB Script----------------
connect -url tcp:127.0.0.1:3121
source C:/Users/deive/Documents/TCC/project/image_processing_base/image_processing_base.sdk/system_wrapper_hw_platform_0/ps7_init.tcl
targets -set -nocase -filter {name =~"APU*" && jtag_cable_name =~ "Platform Cable USB II 13724327082a01"} -index 0
loadhw -hw C:/Users/deive/Documents/TCC/project/image_processing_base/image_processing_base.sdk/system_wrapper_hw_platform_0/system.hdf -mem-ranges [list {0x40000000 0xbfffffff}]
configparams force-mem-access 1
targets -set -nocase -filter {name =~"APU*" && jtag_cable_name =~ "Platform Cable USB II 13724327082a01"} -index 0
stop
ps7_init
ps7_post_config
targets -set -nocase -filter {name =~ "ARM*#0" && jtag_cable_name =~ "Platform Cable USB II 13724327082a01"} -index 0
rst -processor
targets -set -nocase -filter {name =~ "ARM*#0" && jtag_cable_name =~ "Platform Cable USB II 13724327082a01"} -index 0
dow C:/Users/deive/Documents/TCC/project/image_processing_base/image_processing_base.sdk/image_processing/Debug/image_processing.elf
configparams force-mem-access 0
----------------End of Script----------------

14:51:52 INFO  : Memory regions updated for context APU
14:51:52 INFO  : Context for processor 'ps7_cortexa9_0' is selected.
14:51:52 INFO  : 'con' command is executed.
14:51:52 INFO  : ----------------XSDB Script (After Launch)----------------
targets -set -nocase -filter {name =~ "ARM*#0" && jtag_cable_name =~ "Platform Cable USB II 13724327082a01"} -index 0
con
----------------End of Script----------------

14:51:52 INFO  : Launch script is exported to file 'C:\Users\deive\Documents\TCC\project\image_processing_base\image_processing_base.sdk\.sdk\launch_scripts\xilinx_c-c++_application_(system_debugger)\system_debugger_using_debug_image_processing.elf_on_local.tcl'
14:53:58 INFO  : Connected to target on host '127.0.0.1' and port '3121'.
14:53:58 INFO  : 'targets -set -filter {jtag_cable_name =~ "Platform Cable USB II 13724327082a01" && level==0} -index 1' command is executed.
14:54:10 INFO  : FPGA configured successfully with bitstream "C:/Users/deive/Documents/TCC/project/image_processing_base/image_processing_base.sdk/system_wrapper_hw_platform_0/system_wrapper.bit"
14:54:15 INFO  : Disconnected from the channel tcfchan#1.
14:54:16 INFO  : 'targets -set -filter {jtag_cable_name =~ "Platform Cable USB II 13724327082a01" && level==0} -index 1' command is executed.
14:54:16 INFO  : 'fpga -state' command is executed.
14:54:16 INFO  : Connected to target on host '127.0.0.1' and port '3121'.
14:54:16 INFO  : Jtag cable 'Platform Cable USB II 13724327082a01' is selected.
14:54:16 INFO  : 'jtag frequency' command is executed.
14:54:16 INFO  : Sourcing of 'C:/Users/deive/Documents/TCC/project/image_processing_base/image_processing_base.sdk/system_wrapper_hw_platform_0/ps7_init.tcl' is done.
14:54:16 INFO  : Context for 'APU' is selected.
14:54:17 INFO  : Hardware design information is loaded from 'C:/Users/deive/Documents/TCC/project/image_processing_base/image_processing_base.sdk/system_wrapper_hw_platform_0/system.hdf'.
14:54:17 INFO  : 'configparams force-mem-access 1' command is executed.
14:54:17 INFO  : Context for 'APU' is selected.
14:54:17 INFO  : 'stop' command is executed.
14:54:18 INFO  : 'ps7_init' command is executed.
14:54:18 INFO  : 'ps7_post_config' command is executed.
14:54:18 INFO  : Context for processor 'ps7_cortexa9_0' is selected.
14:54:18 INFO  : Processor reset is completed for 'ps7_cortexa9_0'.
14:54:18 INFO  : Context for processor 'ps7_cortexa9_0' is selected.
14:54:19 INFO  : The application 'C:/Users/deive/Documents/TCC/project/image_processing_base/image_processing_base.sdk/image_processing/Debug/image_processing.elf' is downloaded to processor 'ps7_cortexa9_0'.
14:54:19 INFO  : 'configparams force-mem-access 0' command is executed.
14:54:19 INFO  : ----------------XSDB Script----------------
connect -url tcp:127.0.0.1:3121
source C:/Users/deive/Documents/TCC/project/image_processing_base/image_processing_base.sdk/system_wrapper_hw_platform_0/ps7_init.tcl
targets -set -nocase -filter {name =~"APU*" && jtag_cable_name =~ "Platform Cable USB II 13724327082a01"} -index 0
loadhw -hw C:/Users/deive/Documents/TCC/project/image_processing_base/image_processing_base.sdk/system_wrapper_hw_platform_0/system.hdf -mem-ranges [list {0x40000000 0xbfffffff}]
configparams force-mem-access 1
targets -set -nocase -filter {name =~"APU*" && jtag_cable_name =~ "Platform Cable USB II 13724327082a01"} -index 0
stop
ps7_init
ps7_post_config
targets -set -nocase -filter {name =~ "ARM*#0" && jtag_cable_name =~ "Platform Cable USB II 13724327082a01"} -index 0
rst -processor
targets -set -nocase -filter {name =~ "ARM*#0" && jtag_cable_name =~ "Platform Cable USB II 13724327082a01"} -index 0
dow C:/Users/deive/Documents/TCC/project/image_processing_base/image_processing_base.sdk/image_processing/Debug/image_processing.elf
configparams force-mem-access 0
----------------End of Script----------------

14:54:19 INFO  : Memory regions updated for context APU
14:54:19 INFO  : Context for processor 'ps7_cortexa9_0' is selected.
14:54:19 INFO  : 'con' command is executed.
14:54:19 INFO  : ----------------XSDB Script (After Launch)----------------
targets -set -nocase -filter {name =~ "ARM*#0" && jtag_cable_name =~ "Platform Cable USB II 13724327082a01"} -index 0
con
----------------End of Script----------------

14:54:19 INFO  : Launch script is exported to file 'C:\Users\deive\Documents\TCC\project\image_processing_base\image_processing_base.sdk\.sdk\launch_scripts\xilinx_c-c++_application_(system_debugger)\system_debugger_using_debug_image_processing.elf_on_local.tcl'
15:17:25 INFO  : SDK has detected change in the last modified timestamps for source hardware specification file Source:1629655924570,  Project:1629650766682
15:17:25 INFO  : Project system_wrapper_hw_platform_0's source hardware specification located at C:/Users/deive/Documents/TCC/project/image_processing_base/image_processing_base.sdk/system_wrapper.hdf is now different from the local copy.
		 The local copy will be replaced with the source specification and your workspace will be updated.
15:17:36 INFO  : Copied contents of C:/Users/deive/Documents/TCC/project/image_processing_base/image_processing_base.sdk/system_wrapper.hdf into \system_wrapper_hw_platform_0\system.hdf.
15:17:39 INFO  : Synchronizing projects in the workspace with the hardware platform specification changes.
15:17:41 INFO  : 
15:17:42 INFO  : Updating hardware inferred compiler options for image_processing.
15:17:42 INFO  : Clearing existing target manager status.
15:22:15 INFO  : Connected to target on host '127.0.0.1' and port '3121'.
15:22:15 INFO  : 'targets -set -filter {jtag_cable_name =~ "Platform Cable USB II 13724327082a01" && level==0} -index 1' command is executed.
15:22:26 INFO  : FPGA configured successfully with bitstream "C:/Users/deive/Documents/TCC/project/image_processing_base/image_processing_base.sdk/system_wrapper_hw_platform_0/system_wrapper.bit"
15:22:33 INFO  : Disconnected from the channel tcfchan#2.
15:22:34 INFO  : 'targets -set -filter {jtag_cable_name =~ "Platform Cable USB II 13724327082a01" && level==0} -index 1' command is executed.
15:22:34 INFO  : 'fpga -state' command is executed.
15:22:34 INFO  : Connected to target on host '127.0.0.1' and port '3121'.
15:22:34 INFO  : Jtag cable 'Platform Cable USB II 13724327082a01' is selected.
15:22:34 INFO  : 'jtag frequency' command is executed.
15:22:34 INFO  : Sourcing of 'C:/Users/deive/Documents/TCC/project/image_processing_base/image_processing_base.sdk/system_wrapper_hw_platform_0/ps7_init.tcl' is done.
15:22:34 INFO  : Context for 'APU' is selected.
15:22:34 INFO  : Hardware design information is loaded from 'C:/Users/deive/Documents/TCC/project/image_processing_base/image_processing_base.sdk/system_wrapper_hw_platform_0/system.hdf'.
15:22:34 INFO  : 'configparams force-mem-access 1' command is executed.
15:22:34 INFO  : Context for 'APU' is selected.
15:22:35 INFO  : 'stop' command is executed.
15:22:37 INFO  : 'ps7_init' command is executed.
15:22:37 INFO  : 'ps7_post_config' command is executed.
15:22:37 INFO  : Context for processor 'ps7_cortexa9_0' is selected.
15:22:37 INFO  : Processor reset is completed for 'ps7_cortexa9_0'.
15:22:37 INFO  : Context for processor 'ps7_cortexa9_0' is selected.
15:22:39 ERROR : Memory write error at 0x100000. AP transaction timeout
15:22:39 INFO  : ----------------XSDB Script----------------
connect -url tcp:127.0.0.1:3121
source C:/Users/deive/Documents/TCC/project/image_processing_base/image_processing_base.sdk/system_wrapper_hw_platform_0/ps7_init.tcl
targets -set -nocase -filter {name =~"APU*" && jtag_cable_name =~ "Platform Cable USB II 13724327082a01"} -index 0
loadhw -hw C:/Users/deive/Documents/TCC/project/image_processing_base/image_processing_base.sdk/system_wrapper_hw_platform_0/system.hdf -mem-ranges [list {0x40000000 0xbfffffff}]
configparams force-mem-access 1
targets -set -nocase -filter {name =~"APU*" && jtag_cable_name =~ "Platform Cable USB II 13724327082a01"} -index 0
stop
ps7_init
ps7_post_config
targets -set -nocase -filter {name =~ "ARM*#0" && jtag_cable_name =~ "Platform Cable USB II 13724327082a01"} -index 0
rst -processor
targets -set -nocase -filter {name =~ "ARM*#0" && jtag_cable_name =~ "Platform Cable USB II 13724327082a01"} -index 0
dow C:/Users/deive/Documents/TCC/project/image_processing_base/image_processing_base.sdk/image_processing/Debug/image_processing.elf
----------------End of Script----------------

15:22:44 INFO  : Connected to target on host '127.0.0.1' and port '3121'.
15:22:44 INFO  : 'targets -set -filter {jtag_cable_name =~ "Platform Cable USB II 13724327082a01" && level==0} -index 1' command is executed.
15:22:58 ERROR : fpga configuration failed. DONE PIN is not HIGH
15:23:09 INFO  : Connected to target on host '127.0.0.1' and port '3121'.
15:23:09 INFO  : 'targets -set -filter {jtag_cable_name =~ "Platform Cable USB II 13724327082a01" && level==0} -index 1' command is executed.
15:23:21 INFO  : FPGA configured successfully with bitstream "C:/Users/deive/Documents/TCC/project/image_processing_base/image_processing_base.sdk/system_wrapper_hw_platform_0/system_wrapper.bit"
15:23:24 INFO  : 'targets -set -filter {jtag_cable_name =~ "Platform Cable USB II 13724327082a01" && level==0} -index 1' command is executed.
15:23:24 INFO  : 'fpga -state' command is executed.
15:23:24 INFO  : Connected to target on host '127.0.0.1' and port '3121'.
15:23:25 INFO  : Jtag cable 'Platform Cable USB II 13724327082a01' is selected.
15:23:25 INFO  : 'jtag frequency' command is executed.
15:23:25 INFO  : Sourcing of 'C:/Users/deive/Documents/TCC/project/image_processing_base/image_processing_base.sdk/system_wrapper_hw_platform_0/ps7_init.tcl' is done.
15:23:25 INFO  : Context for 'APU' is selected.
15:23:25 INFO  : Hardware design information is loaded from 'C:/Users/deive/Documents/TCC/project/image_processing_base/image_processing_base.sdk/system_wrapper_hw_platform_0/system.hdf'.
15:23:25 INFO  : 'configparams force-mem-access 1' command is executed.
15:23:25 INFO  : Context for 'APU' is selected.
15:23:25 INFO  : 'stop' command is executed.
15:23:25 INFO  : 'ps7_init' command is executed.
15:23:25 INFO  : 'ps7_post_config' command is executed.
15:23:26 INFO  : Context for processor 'ps7_cortexa9_0' is selected.
15:23:26 INFO  : Processor reset is completed for 'ps7_cortexa9_0'.
15:23:26 INFO  : Context for processor 'ps7_cortexa9_0' is selected.
15:23:27 INFO  : The application 'C:/Users/deive/Documents/TCC/project/image_processing_base/image_processing_base.sdk/image_processing/Debug/image_processing.elf' is downloaded to processor 'ps7_cortexa9_0'.
15:23:27 INFO  : 'configparams force-mem-access 0' command is executed.
15:23:27 INFO  : ----------------XSDB Script----------------
connect -url tcp:127.0.0.1:3121
source C:/Users/deive/Documents/TCC/project/image_processing_base/image_processing_base.sdk/system_wrapper_hw_platform_0/ps7_init.tcl
targets -set -nocase -filter {name =~"APU*" && jtag_cable_name =~ "Platform Cable USB II 13724327082a01"} -index 0
loadhw -hw C:/Users/deive/Documents/TCC/project/image_processing_base/image_processing_base.sdk/system_wrapper_hw_platform_0/system.hdf -mem-ranges [list {0x40000000 0xbfffffff}]
configparams force-mem-access 1
targets -set -nocase -filter {name =~"APU*" && jtag_cable_name =~ "Platform Cable USB II 13724327082a01"} -index 0
stop
ps7_init
ps7_post_config
targets -set -nocase -filter {name =~ "ARM*#0" && jtag_cable_name =~ "Platform Cable USB II 13724327082a01"} -index 0
rst -processor
targets -set -nocase -filter {name =~ "ARM*#0" && jtag_cable_name =~ "Platform Cable USB II 13724327082a01"} -index 0
dow C:/Users/deive/Documents/TCC/project/image_processing_base/image_processing_base.sdk/image_processing/Debug/image_processing.elf
configparams force-mem-access 0
----------------End of Script----------------

15:23:27 INFO  : Memory regions updated for context APU
15:23:27 INFO  : Context for processor 'ps7_cortexa9_0' is selected.
15:23:27 INFO  : 'con' command is executed.
15:23:27 INFO  : ----------------XSDB Script (After Launch)----------------
targets -set -nocase -filter {name =~ "ARM*#0" && jtag_cable_name =~ "Platform Cable USB II 13724327082a01"} -index 0
con
----------------End of Script----------------

15:23:27 INFO  : Launch script is exported to file 'C:\Users\deive\Documents\TCC\project\image_processing_base\image_processing_base.sdk\.sdk\launch_scripts\xilinx_c-c++_application_(system_debugger)\system_debugger_using_debug_image_processing.elf_on_local.tcl'
